#
# There is insufficient memory for the Java Runtime Environment to continue.
# Native memory allocation (malloc) failed to allocate 164320 bytes for Chunk::new
# Possible reasons:
#   The system is out of physical RAM or swap space
#   The process is running with CompressedOops enabled, and the Java Heap may be blocking the growth of the native heap
# Possible solutions:
#   Reduce memory load on the system
#   Increase physical memory or swap space
#   Check if swap backing store is full
#   Decrease Java heap size (-Xmx/-Xms)
#   Decrease number of Java threads
#   Decrease Java thread stack sizes (-Xss)
#   Set larger code cache with -XX:ReservedCodeCacheSize=
#   JVM is running with Unscaled Compressed Oops mode in which the Java heap is
#     placed in the first 4GB address space. The Java Heap base address is the
#     maximum limit for the native heap growth. Please use -XX:HeapBaseMinAddress
#     to set the Java Heap base and to place the Java Heap above 4GB virtual address.
# This output file may be truncated or incomplete.
#
#  Out of Memory Error (allocation.cpp:389), pid=4400, tid=0x0000000000002fdc
#
# JRE version: OpenJDK Runtime Environment (8.0_265-b01) (build 1.8.0_265-b01)
# Java VM: OpenJDK 64-Bit Server VM (25.265-b01 mixed mode windows-amd64 compressed oops)
# Failed to write core dump. Minidumps are not enabled by default on client versions of Windows
#

---------------  T H R E A D  ---------------

Current thread (0x0000020b771b6800):  JavaThread "C2 CompilerThread1" daemon [_thread_in_native, id=12252, stack(0x000000591a900000,0x000000591aa00000)]

Stack: [0x000000591a900000,0x000000591aa00000]
[error occurred during error reporting (printing stack bounds), id 0xc0000005]

Native frames: (J=compiled Java code, j=interpreted, Vv=VM code, C=native code)


Current CompileTask:
C2:   4538  885       4       java.io.PrintStream::print (9 bytes)


---------------  P R O C E S S  ---------------

Java Threads: ( => current thread )
  0x0000020b77229000 JavaThread "Service Thread" daemon [_thread_blocked, id=9104, stack(0x000000591ab00000,0x000000591ac00000)]
  0x0000020b771bd800 JavaThread "C1 CompilerThread2" daemon [_thread_blocked, id=8788, stack(0x000000591aa00000,0x000000591ab00000)]
=>0x0000020b771b6800 JavaThread "C2 CompilerThread1" daemon [_thread_in_native, id=12252, stack(0x000000591a900000,0x000000591aa00000)]
  0x0000020b771af800 JavaThread "C2 CompilerThread0" daemon [_thread_blocked, id=11848, stack(0x000000591a800000,0x000000591a900000)]
  0x0000020b771ad800 JavaThread "Attach Listener" daemon [_thread_blocked, id=7420, stack(0x000000591a700000,0x000000591a800000)]
  0x0000020b771ac000 JavaThread "Signal Dispatcher" daemon [_thread_blocked, id=12056, stack(0x000000591a600000,0x000000591a700000)]
  0x0000020b76a5a000 JavaThread "Finalizer" daemon [_thread_blocked, id=10620, stack(0x000000591a500000,0x000000591a600000)]
  0x0000020b77186000 JavaThread "Reference Handler" daemon [_thread_blocked, id=832, stack(0x000000591a400000,0x000000591a500000)]
  0x0000020b608c7800 JavaThread "main" [_thread_in_native, id=2320, stack(0x0000005919e00000,0x0000005919f00000)]

Other Threads:
  0x0000020b77162000 VMThread [stack: 0x000000591a300000,0x000000591a400000] [id=4604]
  0x0000020b7722c800 WatcherThread [stack: 0x000000591ac00000,0x000000591ad00000] [id=5796]

VM state:not at safepoint (normal execution)

VM Mutex/Monitor currently owned by a thread: None

OutOfMemory and StackOverflow Exception counts:
OutOfMemoryError java_heap_errors=2

heap address: 0x0000000081400000, size: 2028 MB, Compressed Oops mode: 32-bit
Narrow klass base: 0x0000000000000000, Narrow klass shift: 3
Compressed class space size: 1073741824 Address: 0x0000000100000000

Heap:
 PSYoungGen      total 38400K, used 13486K [0x00000000d5c00000, 0x00000000d8680000, 0x0000000100000000)
  eden space 33280K, 25% used [0x00000000d5c00000,0x00000000d642da20,0x00000000d7c80000)
  from space 5120K, 99% used [0x00000000d7c80000,0x00000000d817df40,0x00000000d8180000)
  to   space 5120K, 0% used [0x00000000d8180000,0x00000000d8180000,0x00000000d8680000)
 ParOldGen       total 87552K, used 197K [0x0000000081400000, 0x0000000086980000, 0x00000000d5c00000)
  object space 87552K, 0% used [0x0000000081400000,0x0000000081431688,0x0000000086980000)
 Metaspace       used 8840K, capacity 8968K, committed 9088K, reserved 1056768K
  class space    used 1054K, capacity 1114K, committed 1152K, reserved 1048576K

Card table byte_map: [0x0000020b71750000,0x0000020b71b50000] byte_map_base: 0x0000020b71346000

Marking Bits: (ParMarkBitMap*) 0x0000000074837790
 Begin Bits: [0x0000020b71e00000, 0x0000020b73db0000)
 End Bits:   [0x0000020b73db0000, 0x0000020b75d60000)

Polling page: 0x0000020b60ae0000

CodeCache: size=245760Kb used=3786Kb max_used=3798Kb free=241973Kb
 bounds [0x0000020b62390000, 0x0000020b62750000, 0x0000020b71390000]
 total_blobs=1194 nmethods=887 adapters=220
 compilation: enabled

Compilation events (10 events):
Event: 4.322 Thread 0x0000020b771b6800  881  s    4       java.io.BufferedOutputStream::flush (12 bytes)
Event: 4.327 Thread 0x0000020b771b6800 nmethod 881 0x0000020b6273cd10 code [0x0000020b6273ce60, 0x0000020b6273d1e8]
Event: 4.328 Thread 0x0000020b771af800  882  s    4       org.fusesource.jansi.AnsiPrintStream::filter (948 bytes)
Event: 4.345 Thread 0x0000020b771b6800  883   !   4       java.io.BufferedWriter::write (117 bytes)
Event: 4.351 Thread 0x0000020b771af800 nmethod 882 0x0000020b62738dd0 code [0x0000020b62739040, 0x0000020b62739ae0]
Event: 4.351 Thread 0x0000020b771af800  884   !   4       java.io.BufferedWriter::flushBuffer (53 bytes)
Event: 4.353 Thread 0x0000020b771b6800 nmethod 883 0x0000020b6273f0d0 code [0x0000020b6273f220, 0x0000020b6273f878]
Event: 4.425 Thread 0x0000020b771af800 nmethod 884 0x0000020b62742350 code [0x0000020b627424e0, 0x0000020b62743478]
Event: 4.428 Thread 0x0000020b771b6800  885       4       java.io.PrintStream::print (9 bytes)
Event: 4.429 Thread 0x0000020b771af800  886   !   4       java.io.PrintStream::write (83 bytes)

GC Heap History (2 events):
Event: 3.215 GC heap before
{Heap before GC invocations=1 (full 0):
 PSYoungGen      total 38400K, used 33280K [0x00000000d5c00000, 0x00000000d8680000, 0x0000000100000000)
  eden space 33280K, 100% used [0x00000000d5c00000,0x00000000d7c80000,0x00000000d7c80000)
  from space 5120K, 0% used [0x00000000d8180000,0x00000000d8180000,0x00000000d8680000)
  to   space 5120K, 0% used [0x00000000d7c80000,0x00000000d7c80000,0x00000000d8180000)
 ParOldGen       total 87552K, used 0K [0x0000000081400000, 0x0000000086980000, 0x00000000d5c00000)
  object space 87552K, 0% used [0x0000000081400000,0x0000000081400000,0x0000000086980000)
 Metaspace       used 8317K, capacity 8476K, committed 8576K, reserved 1056768K
  class space    used 997K, capacity 1080K, committed 1152K, reserved 1048576K
Event: 3.309 GC heap after
Heap after GC invocations=1 (full 0):
 PSYoungGen      total 38400K, used 5111K [0x00000000d5c00000, 0x00000000d8680000, 0x0000000100000000)
  eden space 33280K, 0% used [0x00000000d5c00000,0x00000000d5c00000,0x00000000d7c80000)
  from space 5120K, 99% used [0x00000000d7c80000,0x00000000d817df40,0x00000000d8180000)
  to   space 5120K, 0% used [0x00000000d8180000,0x00000000d8180000,0x00000000d8680000)
 ParOldGen       total 87552K, used 197K [0x0000000081400000, 0x0000000086980000, 0x00000000d5c00000)
  object space 87552K, 0% used [0x0000000081400000,0x0000000081431688,0x0000000086980000)
 Metaspace       used 8317K, capacity 8476K, committed 8576K, reserved 1056768K
  class space    used 997K, capacity 1080K, committed 1152K, reserved 1048576K
}

Deoptimization events (9 events):
Event: 0.912 Thread 0x0000020b608c7800 Uncommon trap: reason=unstable_if action=reinterpret pc=0x0000020b62564424 method=org.codehaus.plexus.util.xml.pull.MXParser.more()C @ 8
Event: 1.367 Thread 0x0000020b608c7800 Uncommon trap: reason=unstable_if action=reinterpret pc=0x0000020b62524e94 method=java.lang.String.indexOf([CII[CIII)I @ 3
Event: 2.618 Thread 0x0000020b608c7800 Uncommon trap: reason=unstable_if action=reinterpret pc=0x0000020b6263f5bc method=java.nio.charset.CoderResult.isOverflow()Z @ 5
Event: 2.642 Thread 0x0000020b608c7800 Uncommon trap: reason=unstable_if action=reinterpret pc=0x0000020b6263a9f4 method=java.nio.charset.CoderResult.isOverflow()Z @ 5
Event: 2.658 Thread 0x0000020b608c7800 Uncommon trap: reason=unstable_if action=reinterpret pc=0x0000020b62636f2c method=java.io.Reader.read()I @ 12
Event: 2.812 Thread 0x0000020b608c7800 Uncommon trap: reason=unstable_if action=reinterpret pc=0x0000020b62666e98 method=org.codehaus.plexus.util.xml.pull.MXParser.nextImpl()I @ 200
Event: 2.896 Thread 0x0000020b608c7800 Uncommon trap: reason=unstable_if action=reinterpret pc=0x0000020b6266a240 method=sun.nio.cs.StreamDecoder.implRead([CII)I @ 197
Event: 2.908 Thread 0x0000020b608c7800 Uncommon trap: reason=unstable_if action=reinterpret pc=0x0000020b62688e00 method=org.codehaus.plexus.util.xml.pull.MXParser.nextImpl()I @ 241
Event: 3.334 Thread 0x0000020b608c7800 Uncommon trap: reason=range_check action=make_not_entrant pc=0x0000020b6262dda0 method=sun.reflect.generics.parser.SignatureParser.current()C @ 34

Classes redefined (0 events):
No events

Internal exceptions (10 events):
Event: 0.678 Thread 0x0000020b608c7800 Exception <a 'java/security/PrivilegedActionException'> (0x00000000d6142240) thrown at [J:\jenkins\tmp\workspace\build\src\hotspot\src\share\vm\prims\jvm.cpp, line 1512]
Event: 2.432 Thread 0x0000020b608c7800 Exception <a 'java/lang/ArrayIndexOutOfBoundsException'> (0x00000000d6ff2d90) thrown at [J:\jenkins\tmp\workspace\build\src\hotspot\src\share\vm\runtime\sharedRuntime.cpp, line 605]
Event: 2.455 Thread 0x0000020b608c7800 Exception <a 'java/lang/ArrayIndexOutOfBoundsException'> (0x00000000d700f520) thrown at [J:\jenkins\tmp\workspace\build\src\hotspot\src\share\vm\runtime\sharedRuntime.cpp, line 605]
Event: 2.481 Thread 0x0000020b608c7800 Exception <a 'java/lang/ArrayIndexOutOfBoundsException'> (0x00000000d7052778) thrown at [J:\jenkins\tmp\workspace\build\src\hotspot\src\share\vm\runtime\sharedRuntime.cpp, line 605]
Event: 2.934 Thread 0x0000020b608c7800 Exception <a 'java/lang/ArrayIndexOutOfBoundsException'> (0x00000000d79d89d8) thrown at [J:\jenkins\tmp\workspace\build\src\hotspot\src\share\vm\runtime\sharedRuntime.cpp, line 605]
Event: 2.936 Thread 0x0000020b608c7800 Exception <a 'java/lang/ArrayIndexOutOfBoundsException'> (0x00000000d79da568) thrown at [J:\jenkins\tmp\workspace\build\src\hotspot\src\share\vm\runtime\sharedRuntime.cpp, line 605]
Event: 3.334 Thread 0x0000020b608c7800 Exception <a 'java/lang/ArrayIndexOutOfBoundsException': 66> (0x00000000d5c5bc78) thrown at [J:\jenkins\tmp\workspace\build\src\hotspot\src\share\vm\interpreter\interpreterRuntime.cpp, line 368]
Event: 3.937 Thread 0x0000020b608c7800 Exception <a 'java/lang/OutOfMemoryError'> (0x00000000d6349ed8) thrown at [J:\jenkins\tmp\workspace\build\src\hotspot\src\share\vm\prims\jni.cpp, line 738]
Event: 3.937 Thread 0x0000020b608c7800 Exception <a 'java/lang/OutOfMemoryError'> (0x00000000d6349ed8) thrown at [J:\jenkins\tmp\workspace\build\src\hotspot\src\share\vm\prims\jvm.cpp, line 1516]
Event: 3.937 Thread 0x0000020b608c7800 Exception <a 'java/lang/reflect/InvocationTargetException'> (0x00000000d634a2c8) thrown at [J:\jenkins\tmp\workspace\build\src\hotspot\src\share\vm\runtime\reflection.cpp, line 1092]

Events (10 events):
Event: 3.931 loading class org/eclipse/aether/internal/impl/DefaultArtifactResolver
Event: 3.931 loading class org/eclipse/aether/internal/impl/DefaultArtifactResolver done
Event: 4.180 loading class java/lang/Throwable$WrappedPrintStream
Event: 4.180 loading class java/lang/Throwable$PrintStreamOrWriter
Event: 4.180 loading class java/lang/Throwable$PrintStreamOrWriter done
Event: 4.180 loading class java/lang/Throwable$WrappedPrintStream done
Event: 4.180 loading class java/util/IdentityHashMap$KeySet
Event: 4.233 Executing VM operation: EnableBiasedLocking
Event: 4.233 Executing VM operation: EnableBiasedLocking done
Event: 4.253 loading class java/util/IdentityHashMap$KeySet done


Dynamic libraries:
0x00007ff692e30000 - 0x00007ff692e6a000 	D:\AnypointStudio\plugins\org.mule.tooling.jdk.win32.x86_64_1.0.1\bin\java.exe
0x00007ff94e530000 - 0x00007ff94e725000 	C:\WINDOWS\SYSTEM32\ntdll.dll
0x00007ff94e160000 - 0x00007ff94e21d000 	C:\WINDOWS\System32\KERNEL32.DLL
0x00007ff94c230000 - 0x00007ff94c4f8000 	C:\WINDOWS\System32\KERNELBASE.dll
0x00007ff94df00000 - 0x00007ff94dfac000 	C:\WINDOWS\System32\ADVAPI32.dll
0x00007ff94c5e0000 - 0x00007ff94c67e000 	C:\WINDOWS\System32\msvcrt.dll
0x00007ff94dfb0000 - 0x00007ff94e04b000 	C:\WINDOWS\System32\sechost.dll
0x00007ff94e3c0000 - 0x00007ff94e4eb000 	C:\WINDOWS\System32\RPCRT4.dll
0x00007ff94e220000 - 0x00007ff94e3c0000 	C:\WINDOWS\System32\USER32.dll
0x00007ff94c200000 - 0x00007ff94c222000 	C:\WINDOWS\System32\win32u.dll
0x00007ff94cc00000 - 0x00007ff94cc2a000 	C:\WINDOWS\System32\GDI32.dll
0x00007ff94bdc0000 - 0x00007ff94becb000 	C:\WINDOWS\System32\gdi32full.dll
0x00007ff94bc70000 - 0x00007ff94bd0d000 	C:\WINDOWS\System32\msvcp_win.dll
0x00007ff94c100000 - 0x00007ff94c200000 	C:\WINDOWS\System32\ucrtbase.dll
0x00007ff931110000 - 0x00007ff9313aa000 	C:\WINDOWS\WinSxS\amd64_microsoft.windows.common-controls_6595b64144ccf1df_6.0.19041.844_none_ca00b6081b84eb1d\COMCTL32.dll
0x00007ff94c5b0000 - 0x00007ff94c5e0000 	C:\WINDOWS\System32\IMM32.DLL
0x00007ff9360d0000 - 0x00007ff9361bf000 	D:\AnypointStudio\plugins\org.mule.tooling.jdk.win32.x86_64_1.0.1\jre\bin\msvcr120.dll
0x00007ff932430000 - 0x00007ff9324d6000 	D:\AnypointStudio\plugins\org.mule.tooling.jdk.win32.x86_64_1.0.1\jre\bin\msvcp120.dll
0x0000000074050000 - 0x00000000748b6000 	D:\AnypointStudio\plugins\org.mule.tooling.jdk.win32.x86_64_1.0.1\jre\bin\server\jvm.dll
0x00007ff94d410000 - 0x00007ff94d418000 	C:\WINDOWS\System32\PSAPI.DLL
0x00007ff944630000 - 0x00007ff94463a000 	C:\WINDOWS\SYSTEM32\VERSION.dll
0x00007ff93c220000 - 0x00007ff93c247000 	C:\WINDOWS\SYSTEM32\WINMM.dll
0x00007ff946060000 - 0x00007ff946069000 	C:\WINDOWS\SYSTEM32\WSOCK32.dll
0x00007ff94d560000 - 0x00007ff94d5cb000 	C:\WINDOWS\System32\WS2_32.dll
0x00007ff945cb0000 - 0x00007ff945cbf000 	D:\AnypointStudio\plugins\org.mule.tooling.jdk.win32.x86_64_1.0.1\jre\bin\verify.dll
0x00007ff943b40000 - 0x00007ff943b68000 	D:\AnypointStudio\plugins\org.mule.tooling.jdk.win32.x86_64_1.0.1\jre\bin\java.dll
0x00007ff945b70000 - 0x00007ff945b86000 	D:\AnypointStudio\plugins\org.mule.tooling.jdk.win32.x86_64_1.0.1\jre\bin\zip.dll
0x00007ff94d680000 - 0x00007ff94ddc2000 	C:\WINDOWS\System32\SHELL32.dll
0x00007ff949d90000 - 0x00007ff94a521000 	C:\WINDOWS\SYSTEM32\windows.storage.dll
0x00007ff94c760000 - 0x00007ff94cab5000 	C:\WINDOWS\System32\combase.dll
0x00007ff94b6e0000 - 0x00007ff94b70c000 	C:\WINDOWS\SYSTEM32\Wldp.dll
0x00007ff94d5d0000 - 0x00007ff94d67e000 	C:\WINDOWS\System32\SHCORE.dll
0x00007ff94d500000 - 0x00007ff94d555000 	C:\WINDOWS\System32\shlwapi.dll
0x00007ff94bbb0000 - 0x00007ff94bbcf000 	C:\WINDOWS\SYSTEM32\profapi.dll
0x00007ff946d00000 - 0x00007ff946d0a000 	C:\Program Files\apache-maven-3.8.1\lib\jansi-native\windows64\jansi.dll

VM Arguments:
jvm_args: -Dclassworlds.conf=C:\Program Files\apache-maven-3.8.1\bin\..\bin\m2.conf -Dmaven.home=C:\Program Files\apache-maven-3.8.1\bin\.. -Dlibrary.jansi.path=C:\Program Files\apache-maven-3.8.1\bin\..\lib\jansi-native -Dmaven.multiModuleProjectDirectory=C:\Users\hp\git\dummy\dummyproject 
java_command: org.codehaus.plexus.classworlds.launcher.Launcher clean package -DskipTests -DlightweightPackage=true -DprojectBuildDirectory=C:\Users\hp\AppData\Local\Temp\munit-temp-dir\munittarget2886136586351026963 -Dmaven.repo.local=C:\Users\hp\.m2\repository --global-settings C:\Program Files\apache-maven-3.8.1\conf\settings.xml --settings D:\AnypointStudio\configuration\org.eclipse.osgi\396\data\settings.xml
java_class_path (initial): C:\Program Files\apache-maven-3.8.1\bin\..\boot\plexus-classworlds-2.6.0.jar
Launcher Type: SUN_STANDARD

Environment Variables:
JAVA_HOME=D:\AnypointStudio\plugins\org.mule.tooling.jdk.win32.x86_64_1.0.1
CLASSPATH=.;C:\Program Files\Java\jdk-14.0.1\bin
PATH=C:\Program Files\AdoptOpenJDK\jdk-8.0.282.8-openj9\bin;C:\Windows\system32;C:\Windows;C:\Windows\System32\Wbem;C:\Windows\System32\WindowsPowerShell\v1.0\;C:\Windows\System32\OpenSSH\;C:\Program Files (x86)\NVIDIA Corporation\PhysX\Common;C:\WINDOWS\system32;C:\WINDOWS;C:\WINDOWS\System32\Wbem;C:\WINDOWS\System32\WindowsPowerShell\v1.0\;C:\WINDOWS\System32\OpenSSH\;C:\Program Files\Java\jdk-14.0.1\bin;C:\Program Files\nodejs\;C:\Program Files\Git\cmd;C:\Program Files\apache-maven-3.8.1\bin;C:\Users\hp\Anaconda3;C:\Users\hp\Anaconda3\Library\mingw-w64\bin;C:\Users\hp\Anaconda3\Library\usr\bin;C:\Users\hp\Anaconda3\Library\bin;C:\Users\hp\Anaconda3\Scripts;C:\Users\hp\AppData\Local\Microsoft\WindowsApps;C:\Users\hp\AppData\Local\Programs\Microsoft VS Code\bin;C:\Users\hp\AppData\Roaming\npm;
USERNAME=hp
OS=Windows_NT
PROCESSOR_IDENTIFIER=Intel64 Family 6 Model 142 Stepping 9, GenuineIntel



---------------  S Y S T E M  ---------------

OS: Windows 10.0 , 64 bit Build 19041 (10.0.19041.928)

CPU:total 4 (initial active 4) (2 cores per cpu, 2 threads per core) family 6 model 142 stepping 9, cmov, cx8, fxsr, mmx, sse, sse2, sse3, ssse3, sse4.1, sse4.2, popcnt, avx, avx2, aes, clmul, erms, 3dnowpref, lzcnt, ht, tsc, tscinvbit, bmi1, bmi2, adx

Memory: 4k page, physical 8301584k(321936k free), swap 28631328k(40k free)

vm_info: OpenJDK 64-Bit Server VM (25.265-b01) for windows-amd64 JRE (1.8.0_265-b01), built on Jul 28 2020 15:11:27 by "jenkins" with MS VC++ 12.0 (VS2013)

time: Fri Apr 30 15:07:23 2021
timezone: India Standard Time
elapsed time: 4 seconds (0d 0h 0m 4s)

